<?xml version="1.0" encoding="UTF-8"?>
<!-- Generated by org.testng.reporters.JUnitReportReporter -->
<testsuite hostname="DESKTOP-1FB2MCT" failures="0" tests="2" name="Test.LoginTest" time="0.753" errors="0" timestamp="31 10æœˆ 2018 03:02:00 GMT" skipped="0">
  <testcase classname="Test.LoginTest" name="loginSucces" time="0.094"/>
  <testcase classname="Test.LoginTest" name="loginFail" time="0.659"/>
</testsuite> <!-- Test.LoginTest -->
