<?xml version="1.0" encoding="UTF-8"?>
<!-- Generated by org.testng.reporters.JUnitReportReporter -->
<testsuite skipped="0" hostname="BF-201710220916" name="com.webtest.demo.Front_Login1" tests="1" failures="0" timestamp="26 十一月 2018 06:56:55 GMT" time="23.391" errors="0">
  <testcase name="testSearch" time="23.391" classname="com.webtest.demo.Front_Login1"/>
</testsuite> <!-- com.webtest.demo.Front_Login1 -->
